2025-10-26 18:19:52	E:\Diversos\HTA\ISCTEM\2ndYear\Programação_Web\Trabalhos\Uniwiki\DokuWikiStick\dokuwiki\lib\plugins\icons\exe\popup.php(26)	Error: Call to undefined function trigger_event()
  #0 {main}
2025-10-26 18:19:59	E:\Diversos\HTA\ISCTEM\2ndYear\Programação_Web\Trabalhos\Uniwiki\DokuWikiStick\dokuwiki\lib\plugins\bootswrapper\exe\popup.php(56)	Error: Call to undefined function trigger_event()
  #0 {main}
2025-10-26 18:20:09	E:\Diversos\HTA\ISCTEM\2ndYear\Programação_Web\Trabalhos\Uniwiki\DokuWikiStick\dokuwiki\lib\plugins\bootswrapper\exe\popup.php(56)	Error: Call to undefined function trigger_event()
  #0 {main}
2025-10-26 22:01:33	E:\Diversos\HTA\ISCTEM\2ndYear\Programação_Web\Trabalhos\Uniwiki\DokuWikiStick\dokuwiki\lib\plugins\bureaucracy\helper\field.php(114)	E_WARNING: Uninitialized string offset 1
  #0 E:\Diversos\HTA\ISCTEM\2ndYear\Programação_Web\Trabalhos\Uniwiki\DokuWikiStick\dokuwiki\lib\plugins\bureaucracy\helper\field.php(114): dokuwiki\ErrorHandler::errorHandler()
  #1 E:\Diversos\HTA\ISCTEM\2ndYear\Programação_Web\Trabalhos\Uniwiki\DokuWikiStick\dokuwiki\lib\plugins\bureaucracy\helper\field.php(54): helper_plugin_bureaucracy_field->standardArgs()
  #2 E:\Diversos\HTA\ISCTEM\2ndYear\Programação_Web\Trabalhos\Uniwiki\DokuWikiStick\dokuwiki\lib\plugins\bureaucracy\helper\fieldtextbox.php(19): helper_plugin_bureaucracy_field->initialize()
  #3 E:\Diversos\HTA\ISCTEM\2ndYear\Programação_Web\Trabalhos\Uniwiki\DokuWikiStick\dokuwiki\lib\plugins\bureaucracy\syntax.php(128): helper_plugin_bureaucracy_fieldtextbox->initialize()
  #4 E:\Diversos\HTA\ISCTEM\2ndYear\Programação_Web\Trabalhos\Uniwiki\DokuWikiStick\dokuwiki\inc\parser\handler.php(298): syntax_plugin_bureaucracy->handle()
  #5 E:\Diversos\HTA\ISCTEM\2ndYear\Programação_Web\Trabalhos\Uniwiki\DokuWikiStick\dokuwiki\inc\Parsing\Lexer\Lexer.php(269): Doku_Handler->plugin()
  #6 E:\Diversos\HTA\ISCTEM\2ndYear\Programação_Web\Trabalhos\Uniwiki\DokuWikiStick\dokuwiki\inc\Parsing\Lexer\Lexer.php(196): dokuwiki\Parsing\Lexer\Lexer->invokeHandler()
  #7 E:\Diversos\HTA\ISCTEM\2ndYear\Programação_Web\Trabalhos\Uniwiki\DokuWikiStick\dokuwiki\inc\Parsing\Lexer\Lexer.php(146): dokuwiki\Parsing\Lexer\Lexer->dispatchTokens()
  #8 E:\Diversos\HTA\ISCTEM\2ndYear\Programação_Web\Trabalhos\Uniwiki\DokuWikiStick\dokuwiki\inc\Parsing\Parser.php(113): dokuwiki\Parsing\Lexer\Lexer->parse()
  #9 E:\Diversos\HTA\ISCTEM\2ndYear\Programação_Web\Trabalhos\Uniwiki\DokuWikiStick\dokuwiki\inc\parserutils.php(234): dokuwiki\Parsing\Parser->parse()
  #10 E:\Diversos\HTA\ISCTEM\2ndYear\Programação_Web\Trabalhos\Uniwiki\DokuWikiStick\dokuwiki\inc\parserutils.php(198): p_get_instructions()
  #11 E:\Diversos\HTA\ISCTEM\2ndYear\Programação_Web\Trabalhos\Uniwiki\DokuWikiStick\dokuwiki\inc\parserutils.php(520): p_cached_instructions()
  #12 E:\Diversos\HTA\ISCTEM\2ndYear\Programação_Web\Trabalhos\Uniwiki\DokuWikiStick\dokuwiki\inc\parserutils.php(299): p_render_metadata()
  #13 E:\Diversos\HTA\ISCTEM\2ndYear\Programação_Web\Trabalhos\Uniwiki\DokuWikiStick\dokuwiki\inc\common.php(265): p_get_metadata()
  #14 E:\Diversos\HTA\ISCTEM\2ndYear\Programação_Web\Trabalhos\Uniwiki\DokuWikiStick\dokuwiki\doku.php(101): pageinfo()
  #15 {main}
2025-10-26 22:01:33	E:\Diversos\HTA\ISCTEM\2ndYear\Programação_Web\Trabalhos\Uniwiki\DokuWikiStick\dokuwiki\lib\plugins\bureaucracy\helper\field.php(114)	E_WARNING: Uninitialized string offset 1
  #0 E:\Diversos\HTA\ISCTEM\2ndYear\Programação_Web\Trabalhos\Uniwiki\DokuWikiStick\dokuwiki\lib\plugins\bureaucracy\helper\field.php(114): dokuwiki\ErrorHandler::errorHandler()
  #1 E:\Diversos\HTA\ISCTEM\2ndYear\Programação_Web\Trabalhos\Uniwiki\DokuWikiStick\dokuwiki\lib\plugins\bureaucracy\helper\field.php(54): helper_plugin_bureaucracy_field->standardArgs()
  #2 E:\Diversos\HTA\ISCTEM\2ndYear\Programação_Web\Trabalhos\Uniwiki\DokuWikiStick\dokuwiki\lib\plugins\bureaucracy\helper\fieldtextarea.php(16): helper_plugin_bureaucracy_field->initialize()
  #3 E:\Diversos\HTA\ISCTEM\2ndYear\Programação_Web\Trabalhos\Uniwiki\DokuWikiStick\dokuwiki\lib\plugins\bureaucracy\syntax.php(128): helper_plugin_bureaucracy_fieldtextarea->initialize()
  #4 E:\Diversos\HTA\ISCTEM\2ndYear\Programação_Web\Trabalhos\Uniwiki\DokuWikiStick\dokuwiki\inc\parser\handler.php(298): syntax_plugin_bureaucracy->handle()
  #5 E:\Diversos\HTA\ISCTEM\2ndYear\Programação_Web\Trabalhos\Uniwiki\DokuWikiStick\dokuwiki\inc\Parsing\Lexer\Lexer.php(269): Doku_Handler->plugin()
  #6 E:\Diversos\HTA\ISCTEM\2ndYear\Programação_Web\Trabalhos\Uniwiki\DokuWikiStick\dokuwiki\inc\Parsing\Lexer\Lexer.php(196): dokuwiki\Parsing\Lexer\Lexer->invokeHandler()
  #7 E:\Diversos\HTA\ISCTEM\2ndYear\Programação_Web\Trabalhos\Uniwiki\DokuWikiStick\dokuwiki\inc\Parsing\Lexer\Lexer.php(146): dokuwiki\Parsing\Lexer\Lexer->dispatchTokens()
  #8 E:\Diversos\HTA\ISCTEM\2ndYear\Programação_Web\Trabalhos\Uniwiki\DokuWikiStick\dokuwiki\inc\Parsing\Parser.php(113): dokuwiki\Parsing\Lexer\Lexer->parse()
  #9 E:\Diversos\HTA\ISCTEM\2ndYear\Programação_Web\Trabalhos\Uniwiki\DokuWikiStick\dokuwiki\inc\parserutils.php(234): dokuwiki\Parsing\Parser->parse()
  #10 E:\Diversos\HTA\ISCTEM\2ndYear\Programação_Web\Trabalhos\Uniwiki\DokuWikiStick\dokuwiki\inc\parserutils.php(198): p_get_instructions()
  #11 E:\Diversos\HTA\ISCTEM\2ndYear\Programação_Web\Trabalhos\Uniwiki\DokuWikiStick\dokuwiki\inc\parserutils.php(520): p_cached_instructions()
  #12 E:\Diversos\HTA\ISCTEM\2ndYear\Programação_Web\Trabalhos\Uniwiki\DokuWikiStick\dokuwiki\inc\parserutils.php(299): p_render_metadata()
  #13 E:\Diversos\HTA\ISCTEM\2ndYear\Programação_Web\Trabalhos\Uniwiki\DokuWikiStick\dokuwiki\inc\common.php(265): p_get_metadata()
  #14 E:\Diversos\HTA\ISCTEM\2ndYear\Programação_Web\Trabalhos\Uniwiki\DokuWikiStick\dokuwiki\doku.php(101): pageinfo()
  #15 {main}
2025-10-26 22:01:33	E:\Diversos\HTA\ISCTEM\2ndYear\Programação_Web\Trabalhos\Uniwiki\DokuWikiStick\dokuwiki\lib\plugins\bureaucracy\helper\field.php(114)	E_WARNING: Uninitialized string offset 1
  #0 E:\Diversos\HTA\ISCTEM\2ndYear\Programação_Web\Trabalhos\Uniwiki\DokuWikiStick\dokuwiki\lib\plugins\bureaucracy\helper\field.php(114): dokuwiki\ErrorHandler::errorHandler()
  #1 E:\Diversos\HTA\ISCTEM\2ndYear\Programação_Web\Trabalhos\Uniwiki\DokuWikiStick\dokuwiki\lib\plugins\bureaucracy\helper\field.php(54): helper_plugin_bureaucracy_field->standardArgs()
  #2 E:\Diversos\HTA\ISCTEM\2ndYear\Programação_Web\Trabalhos\Uniwiki\DokuWikiStick\dokuwiki\lib\plugins\bureaucracy\helper\fieldtextbox.php(19): helper_plugin_bureaucracy_field->initialize()
  #3 E:\Diversos\HTA\ISCTEM\2ndYear\Programação_Web\Trabalhos\Uniwiki\DokuWikiStick\dokuwiki\lib\plugins\bureaucracy\syntax.php(128): helper_plugin_bureaucracy_fieldtextbox->initialize()
  #4 E:\Diversos\HTA\ISCTEM\2ndYear\Programação_Web\Trabalhos\Uniwiki\DokuWikiStick\dokuwiki\inc\parser\handler.php(298): syntax_plugin_bureaucracy->handle()
  #5 E:\Diversos\HTA\ISCTEM\2ndYear\Programação_Web\Trabalhos\Uniwiki\DokuWikiStick\dokuwiki\inc\Parsing\Lexer\Lexer.php(269): Doku_Handler->plugin()
  #6 E:\Diversos\HTA\ISCTEM\2ndYear\Programação_Web\Trabalhos\Uniwiki\DokuWikiStick\dokuwiki\inc\Parsing\Lexer\Lexer.php(196): dokuwiki\Parsing\Lexer\Lexer->invokeHandler()
  #7 E:\Diversos\HTA\ISCTEM\2ndYear\Programação_Web\Trabalhos\Uniwiki\DokuWikiStick\dokuwiki\inc\Parsing\Lexer\Lexer.php(146): dokuwiki\Parsing\Lexer\Lexer->dispatchTokens()
  #8 E:\Diversos\HTA\ISCTEM\2ndYear\Programação_Web\Trabalhos\Uniwiki\DokuWikiStick\dokuwiki\inc\Parsing\Parser.php(113): dokuwiki\Parsing\Lexer\Lexer->parse()
  #9 E:\Diversos\HTA\ISCTEM\2ndYear\Programação_Web\Trabalhos\Uniwiki\DokuWikiStick\dokuwiki\inc\parserutils.php(234): dokuwiki\Parsing\Parser->parse()
  #10 E:\Diversos\HTA\ISCTEM\2ndYear\Programação_Web\Trabalhos\Uniwiki\DokuWikiStick\dokuwiki\inc\parserutils.php(198): p_get_instructions()
  #11 E:\Diversos\HTA\ISCTEM\2ndYear\Programação_Web\Trabalhos\Uniwiki\DokuWikiStick\dokuwiki\inc\parserutils.php(520): p_cached_instructions()
  #12 E:\Diversos\HTA\ISCTEM\2ndYear\Programação_Web\Trabalhos\Uniwiki\DokuWikiStick\dokuwiki\inc\parserutils.php(299): p_render_metadata()
  #13 E:\Diversos\HTA\ISCTEM\2ndYear\Programação_Web\Trabalhos\Uniwiki\DokuWikiStick\dokuwiki\inc\indexer.php(154): p_get_metadata()
  #14 E:\Diversos\HTA\ISCTEM\2ndYear\Programação_Web\Trabalhos\Uniwiki\DokuWikiStick\dokuwiki\inc\TaskRunner.php(206): idx_addPage()
  #15 E:\Diversos\HTA\ISCTEM\2ndYear\Programação_Web\Trabalhos\Uniwiki\DokuWikiStick\dokuwiki\inc\TaskRunner.php(52): dokuwiki\TaskRunner->runIndexer()
  #16 E:\Diversos\HTA\ISCTEM\2ndYear\Programação_Web\Trabalhos\Uniwiki\DokuWikiStick\dokuwiki\lib\exe\taskrunner.php(20): dokuwiki\TaskRunner->run()
  #17 {main}
2025-10-26 22:01:33	E:\Diversos\HTA\ISCTEM\2ndYear\Programação_Web\Trabalhos\Uniwiki\DokuWikiStick\dokuwiki\lib\plugins\bureaucracy\helper\field.php(114)	E_WARNING: Uninitialized string offset 1
  #0 E:\Diversos\HTA\ISCTEM\2ndYear\Programação_Web\Trabalhos\Uniwiki\DokuWikiStick\dokuwiki\lib\plugins\bureaucracy\helper\field.php(114): dokuwiki\ErrorHandler::errorHandler()
  #1 E:\Diversos\HTA\ISCTEM\2ndYear\Programação_Web\Trabalhos\Uniwiki\DokuWikiStick\dokuwiki\lib\plugins\bureaucracy\helper\field.php(54): helper_plugin_bureaucracy_field->standardArgs()
  #2 E:\Diversos\HTA\ISCTEM\2ndYear\Programação_Web\Trabalhos\Uniwiki\DokuWikiStick\dokuwiki\lib\plugins\bureaucracy\helper\fieldtextarea.php(16): helper_plugin_bureaucracy_field->initialize()
  #3 E:\Diversos\HTA\ISCTEM\2ndYear\Programação_Web\Trabalhos\Uniwiki\DokuWikiStick\dokuwiki\lib\plugins\bureaucracy\syntax.php(128): helper_plugin_bureaucracy_fieldtextarea->initialize()
  #4 E:\Diversos\HTA\ISCTEM\2ndYear\Programação_Web\Trabalhos\Uniwiki\DokuWikiStick\dokuwiki\inc\parser\handler.php(298): syntax_plugin_bureaucracy->handle()
  #5 E:\Diversos\HTA\ISCTEM\2ndYear\Programação_Web\Trabalhos\Uniwiki\DokuWikiStick\dokuwiki\inc\Parsing\Lexer\Lexer.php(269): Doku_Handler->plugin()
  #6 E:\Diversos\HTA\ISCTEM\2ndYear\Programação_Web\Trabalhos\Uniwiki\DokuWikiStick\dokuwiki\inc\Parsing\Lexer\Lexer.php(196): dokuwiki\Parsing\Lexer\Lexer->invokeHandler()
  #7 E:\Diversos\HTA\ISCTEM\2ndYear\Programação_Web\Trabalhos\Uniwiki\DokuWikiStick\dokuwiki\inc\Parsing\Lexer\Lexer.php(146): dokuwiki\Parsing\Lexer\Lexer->dispatchTokens()
  #8 E:\Diversos\HTA\ISCTEM\2ndYear\Programação_Web\Trabalhos\Uniwiki\DokuWikiStick\dokuwiki\inc\Parsing\Parser.php(113): dokuwiki\Parsing\Lexer\Lexer->parse()
  #9 E:\Diversos\HTA\ISCTEM\2ndYear\Programação_Web\Trabalhos\Uniwiki\DokuWikiStick\dokuwiki\inc\parserutils.php(234): dokuwiki\Parsing\Parser->parse()
  #10 E:\Diversos\HTA\ISCTEM\2ndYear\Programação_Web\Trabalhos\Uniwiki\DokuWikiStick\dokuwiki\inc\parserutils.php(198): p_get_instructions()
  #11 E:\Diversos\HTA\ISCTEM\2ndYear\Programação_Web\Trabalhos\Uniwiki\DokuWikiStick\dokuwiki\inc\parserutils.php(520): p_cached_instructions()
  #12 E:\Diversos\HTA\ISCTEM\2ndYear\Programação_Web\Trabalhos\Uniwiki\DokuWikiStick\dokuwiki\inc\parserutils.php(299): p_render_metadata()
  #13 E:\Diversos\HTA\ISCTEM\2ndYear\Programação_Web\Trabalhos\Uniwiki\DokuWikiStick\dokuwiki\inc\indexer.php(154): p_get_metadata()
  #14 E:\Diversos\HTA\ISCTEM\2ndYear\Programação_Web\Trabalhos\Uniwiki\DokuWikiStick\dokuwiki\inc\TaskRunner.php(206): idx_addPage()
  #15 E:\Diversos\HTA\ISCTEM\2ndYear\Programação_Web\Trabalhos\Uniwiki\DokuWikiStick\dokuwiki\inc\TaskRunner.php(52): dokuwiki\TaskRunner->runIndexer()
  #16 E:\Diversos\HTA\ISCTEM\2ndYear\Programação_Web\Trabalhos\Uniwiki\DokuWikiStick\dokuwiki\lib\exe\taskrunner.php(20): dokuwiki\TaskRunner->run()
  #17 {main}
2025-10-26 22:14:26	E:\Diversos\HTA\ISCTEM\2ndYear\Programação_Web\Trabalhos\Uniwiki\DokuWikiStick\dokuwiki\lib\plugins\bureaucracy\helper\field.php(114)	E_WARNING: Uninitialized string offset 1
  #0 E:\Diversos\HTA\ISCTEM\2ndYear\Programação_Web\Trabalhos\Uniwiki\DokuWikiStick\dokuwiki\lib\plugins\bureaucracy\helper\field.php(114): dokuwiki\ErrorHandler::errorHandler()
  #1 E:\Diversos\HTA\ISCTEM\2ndYear\Programação_Web\Trabalhos\Uniwiki\DokuWikiStick\dokuwiki\lib\plugins\bureaucracy\helper\field.php(54): helper_plugin_bureaucracy_field->standardArgs()
  #2 E:\Diversos\HTA\ISCTEM\2ndYear\Programação_Web\Trabalhos\Uniwiki\DokuWikiStick\dokuwiki\lib\plugins\bureaucracy\helper\fieldtextbox.php(19): helper_plugin_bureaucracy_field->initialize()
  #3 E:\Diversos\HTA\ISCTEM\2ndYear\Programação_Web\Trabalhos\Uniwiki\DokuWikiStick\dokuwiki\lib\plugins\bureaucracy\syntax.php(128): helper_plugin_bureaucracy_fieldtextbox->initialize()
  #4 E:\Diversos\HTA\ISCTEM\2ndYear\Programação_Web\Trabalhos\Uniwiki\DokuWikiStick\dokuwiki\inc\parser\handler.php(298): syntax_plugin_bureaucracy->handle()
  #5 E:\Diversos\HTA\ISCTEM\2ndYear\Programação_Web\Trabalhos\Uniwiki\DokuWikiStick\dokuwiki\inc\Parsing\Lexer\Lexer.php(269): Doku_Handler->plugin()
  #6 E:\Diversos\HTA\ISCTEM\2ndYear\Programação_Web\Trabalhos\Uniwiki\DokuWikiStick\dokuwiki\inc\Parsing\Lexer\Lexer.php(196): dokuwiki\Parsing\Lexer\Lexer->invokeHandler()
  #7 E:\Diversos\HTA\ISCTEM\2ndYear\Programação_Web\Trabalhos\Uniwiki\DokuWikiStick\dokuwiki\inc\Parsing\Lexer\Lexer.php(146): dokuwiki\Parsing\Lexer\Lexer->dispatchTokens()
  #8 E:\Diversos\HTA\ISCTEM\2ndYear\Programação_Web\Trabalhos\Uniwiki\DokuWikiStick\dokuwiki\inc\Parsing\Parser.php(113): dokuwiki\Parsing\Lexer\Lexer->parse()
  #9 E:\Diversos\HTA\ISCTEM\2ndYear\Programação_Web\Trabalhos\Uniwiki\DokuWikiStick\dokuwiki\inc\parserutils.php(234): dokuwiki\Parsing\Parser->parse()
  #10 E:\Diversos\HTA\ISCTEM\2ndYear\Programação_Web\Trabalhos\Uniwiki\DokuWikiStick\dokuwiki\inc\parserutils.php(198): p_get_instructions()
  #11 E:\Diversos\HTA\ISCTEM\2ndYear\Programação_Web\Trabalhos\Uniwiki\DokuWikiStick\dokuwiki\inc\parserutils.php(520): p_cached_instructions()
  #12 E:\Diversos\HTA\ISCTEM\2ndYear\Programação_Web\Trabalhos\Uniwiki\DokuWikiStick\dokuwiki\inc\parserutils.php(299): p_render_metadata()
  #13 E:\Diversos\HTA\ISCTEM\2ndYear\Programação_Web\Trabalhos\Uniwiki\DokuWikiStick\dokuwiki\inc\common.php(265): p_get_metadata()
  #14 E:\Diversos\HTA\ISCTEM\2ndYear\Programação_Web\Trabalhos\Uniwiki\DokuWikiStick\dokuwiki\doku.php(101): pageinfo()
  #15 {main}
2025-10-26 22:14:26	E:\Diversos\HTA\ISCTEM\2ndYear\Programação_Web\Trabalhos\Uniwiki\DokuWikiStick\dokuwiki\lib\plugins\bureaucracy\helper\field.php(114)	E_WARNING: Uninitialized string offset 1
  #0 E:\Diversos\HTA\ISCTEM\2ndYear\Programação_Web\Trabalhos\Uniwiki\DokuWikiStick\dokuwiki\lib\plugins\bureaucracy\helper\field.php(114): dokuwiki\ErrorHandler::errorHandler()
  #1 E:\Diversos\HTA\ISCTEM\2ndYear\Programação_Web\Trabalhos\Uniwiki\DokuWikiStick\dokuwiki\lib\plugins\bureaucracy\helper\field.php(54): helper_plugin_bureaucracy_field->standardArgs()
  #2 E:\Diversos\HTA\ISCTEM\2ndYear\Programação_Web\Trabalhos\Uniwiki\DokuWikiStick\dokuwiki\lib\plugins\bureaucracy\helper\fieldtextarea.php(16): helper_plugin_bureaucracy_field->initialize()
  #3 E:\Diversos\HTA\ISCTEM\2ndYear\Programação_Web\Trabalhos\Uniwiki\DokuWikiStick\dokuwiki\lib\plugins\bureaucracy\syntax.php(128): helper_plugin_bureaucracy_fieldtextarea->initialize()
  #4 E:\Diversos\HTA\ISCTEM\2ndYear\Programação_Web\Trabalhos\Uniwiki\DokuWikiStick\dokuwiki\inc\parser\handler.php(298): syntax_plugin_bureaucracy->handle()
  #5 E:\Diversos\HTA\ISCTEM\2ndYear\Programação_Web\Trabalhos\Uniwiki\DokuWikiStick\dokuwiki\inc\Parsing\Lexer\Lexer.php(269): Doku_Handler->plugin()
  #6 E:\Diversos\HTA\ISCTEM\2ndYear\Programação_Web\Trabalhos\Uniwiki\DokuWikiStick\dokuwiki\inc\Parsing\Lexer\Lexer.php(196): dokuwiki\Parsing\Lexer\Lexer->invokeHandler()
  #7 E:\Diversos\HTA\ISCTEM\2ndYear\Programação_Web\Trabalhos\Uniwiki\DokuWikiStick\dokuwiki\inc\Parsing\Lexer\Lexer.php(146): dokuwiki\Parsing\Lexer\Lexer->dispatchTokens()
  #8 E:\Diversos\HTA\ISCTEM\2ndYear\Programação_Web\Trabalhos\Uniwiki\DokuWikiStick\dokuwiki\inc\Parsing\Parser.php(113): dokuwiki\Parsing\Lexer\Lexer->parse()
  #9 E:\Diversos\HTA\ISCTEM\2ndYear\Programação_Web\Trabalhos\Uniwiki\DokuWikiStick\dokuwiki\inc\parserutils.php(234): dokuwiki\Parsing\Parser->parse()
  #10 E:\Diversos\HTA\ISCTEM\2ndYear\Programação_Web\Trabalhos\Uniwiki\DokuWikiStick\dokuwiki\inc\parserutils.php(198): p_get_instructions()
  #11 E:\Diversos\HTA\ISCTEM\2ndYear\Programação_Web\Trabalhos\Uniwiki\DokuWikiStick\dokuwiki\inc\parserutils.php(520): p_cached_instructions()
  #12 E:\Diversos\HTA\ISCTEM\2ndYear\Programação_Web\Trabalhos\Uniwiki\DokuWikiStick\dokuwiki\inc\parserutils.php(299): p_render_metadata()
  #13 E:\Diversos\HTA\ISCTEM\2ndYear\Programação_Web\Trabalhos\Uniwiki\DokuWikiStick\dokuwiki\inc\common.php(265): p_get_metadata()
  #14 E:\Diversos\HTA\ISCTEM\2ndYear\Programação_Web\Trabalhos\Uniwiki\DokuWikiStick\dokuwiki\doku.php(101): pageinfo()
  #15 {main}
