2025-10-28 00:55:15	E:\Diversos\HTA\ISCTEM\2ndYear\Programação_Web\Trabalhos\Uniwiki\DokuWikiStick\dokuwiki\lib\plugins\pdfjs\syntax.php(64)	E_WARNING: Undefined array key 1
  #0 E:\Diversos\HTA\ISCTEM\2ndYear\Programação_Web\Trabalhos\Uniwiki\DokuWikiStick\dokuwiki\lib\plugins\pdfjs\syntax.php(64): dokuwiki\ErrorHandler::errorHandler()
  #1 E:\Diversos\HTA\ISCTEM\2ndYear\Programação_Web\Trabalhos\Uniwiki\DokuWikiStick\dokuwiki\inc\parser\handler.php(298): syntax_plugin_pdfjs->handle()
  #2 E:\Diversos\HTA\ISCTEM\2ndYear\Programação_Web\Trabalhos\Uniwiki\DokuWikiStick\dokuwiki\inc\Parsing\Lexer\Lexer.php(269): Doku_Handler->plugin()
  #3 E:\Diversos\HTA\ISCTEM\2ndYear\Programação_Web\Trabalhos\Uniwiki\DokuWikiStick\dokuwiki\inc\Parsing\Lexer\Lexer.php(196): dokuwiki\Parsing\Lexer\Lexer->invokeHandler()
  #4 E:\Diversos\HTA\ISCTEM\2ndYear\Programação_Web\Trabalhos\Uniwiki\DokuWikiStick\dokuwiki\inc\Parsing\Lexer\Lexer.php(146): dokuwiki\Parsing\Lexer\Lexer->dispatchTokens()
  #5 E:\Diversos\HTA\ISCTEM\2ndYear\Programação_Web\Trabalhos\Uniwiki\DokuWikiStick\dokuwiki\inc\Parsing\Parser.php(113): dokuwiki\Parsing\Lexer\Lexer->parse()
  #6 E:\Diversos\HTA\ISCTEM\2ndYear\Programação_Web\Trabalhos\Uniwiki\DokuWikiStick\dokuwiki\inc\parserutils.php(234): dokuwiki\Parsing\Parser->parse()
  #7 E:\Diversos\HTA\ISCTEM\2ndYear\Programação_Web\Trabalhos\Uniwiki\DokuWikiStick\dokuwiki\inc\parserutils.php(198): p_get_instructions()
  #8 E:\Diversos\HTA\ISCTEM\2ndYear\Programação_Web\Trabalhos\Uniwiki\DokuWikiStick\dokuwiki\inc\parserutils.php(520): p_cached_instructions()
  #9 E:\Diversos\HTA\ISCTEM\2ndYear\Programação_Web\Trabalhos\Uniwiki\DokuWikiStick\dokuwiki\inc\parserutils.php(299): p_render_metadata()
  #10 E:\Diversos\HTA\ISCTEM\2ndYear\Programação_Web\Trabalhos\Uniwiki\DokuWikiStick\dokuwiki\inc\common.php(265): p_get_metadata()
  #11 E:\Diversos\HTA\ISCTEM\2ndYear\Programação_Web\Trabalhos\Uniwiki\DokuWikiStick\dokuwiki\doku.php(101): pageinfo()
  #12 {main}
2025-10-28 00:55:15	E:\Diversos\HTA\ISCTEM\2ndYear\Programação_Web\Trabalhos\Uniwiki\DokuWikiStick\dokuwiki\lib\plugins\pdfjs\syntax.php(66)	E_WARNING: Undefined array key 1
  #0 E:\Diversos\HTA\ISCTEM\2ndYear\Programação_Web\Trabalhos\Uniwiki\DokuWikiStick\dokuwiki\lib\plugins\pdfjs\syntax.php(66): dokuwiki\ErrorHandler::errorHandler()
  #1 E:\Diversos\HTA\ISCTEM\2ndYear\Programação_Web\Trabalhos\Uniwiki\DokuWikiStick\dokuwiki\inc\parser\handler.php(298): syntax_plugin_pdfjs->handle()
  #2 E:\Diversos\HTA\ISCTEM\2ndYear\Programação_Web\Trabalhos\Uniwiki\DokuWikiStick\dokuwiki\inc\Parsing\Lexer\Lexer.php(269): Doku_Handler->plugin()
  #3 E:\Diversos\HTA\ISCTEM\2ndYear\Programação_Web\Trabalhos\Uniwiki\DokuWikiStick\dokuwiki\inc\Parsing\Lexer\Lexer.php(196): dokuwiki\Parsing\Lexer\Lexer->invokeHandler()
  #4 E:\Diversos\HTA\ISCTEM\2ndYear\Programação_Web\Trabalhos\Uniwiki\DokuWikiStick\dokuwiki\inc\Parsing\Lexer\Lexer.php(146): dokuwiki\Parsing\Lexer\Lexer->dispatchTokens()
  #5 E:\Diversos\HTA\ISCTEM\2ndYear\Programação_Web\Trabalhos\Uniwiki\DokuWikiStick\dokuwiki\inc\Parsing\Parser.php(113): dokuwiki\Parsing\Lexer\Lexer->parse()
  #6 E:\Diversos\HTA\ISCTEM\2ndYear\Programação_Web\Trabalhos\Uniwiki\DokuWikiStick\dokuwiki\inc\parserutils.php(234): dokuwiki\Parsing\Parser->parse()
  #7 E:\Diversos\HTA\ISCTEM\2ndYear\Programação_Web\Trabalhos\Uniwiki\DokuWikiStick\dokuwiki\inc\parserutils.php(198): p_get_instructions()
  #8 E:\Diversos\HTA\ISCTEM\2ndYear\Programação_Web\Trabalhos\Uniwiki\DokuWikiStick\dokuwiki\inc\parserutils.php(520): p_cached_instructions()
  #9 E:\Diversos\HTA\ISCTEM\2ndYear\Programação_Web\Trabalhos\Uniwiki\DokuWikiStick\dokuwiki\inc\parserutils.php(299): p_render_metadata()
  #10 E:\Diversos\HTA\ISCTEM\2ndYear\Programação_Web\Trabalhos\Uniwiki\DokuWikiStick\dokuwiki\inc\common.php(265): p_get_metadata()
  #11 E:\Diversos\HTA\ISCTEM\2ndYear\Programação_Web\Trabalhos\Uniwiki\DokuWikiStick\dokuwiki\doku.php(101): pageinfo()
  #12 {main}
2025-10-28 00:55:16	E:\Diversos\HTA\ISCTEM\2ndYear\Programação_Web\Trabalhos\Uniwiki\DokuWikiStick\dokuwiki\lib\plugins\pdfjs\syntax.php(64)	E_WARNING: Undefined array key 1
  #0 E:\Diversos\HTA\ISCTEM\2ndYear\Programação_Web\Trabalhos\Uniwiki\DokuWikiStick\dokuwiki\lib\plugins\pdfjs\syntax.php(64): dokuwiki\ErrorHandler::errorHandler()
  #1 E:\Diversos\HTA\ISCTEM\2ndYear\Programação_Web\Trabalhos\Uniwiki\DokuWikiStick\dokuwiki\inc\parser\handler.php(298): syntax_plugin_pdfjs->handle()
  #2 E:\Diversos\HTA\ISCTEM\2ndYear\Programação_Web\Trabalhos\Uniwiki\DokuWikiStick\dokuwiki\inc\Parsing\Lexer\Lexer.php(269): Doku_Handler->plugin()
  #3 E:\Diversos\HTA\ISCTEM\2ndYear\Programação_Web\Trabalhos\Uniwiki\DokuWikiStick\dokuwiki\inc\Parsing\Lexer\Lexer.php(196): dokuwiki\Parsing\Lexer\Lexer->invokeHandler()
  #4 E:\Diversos\HTA\ISCTEM\2ndYear\Programação_Web\Trabalhos\Uniwiki\DokuWikiStick\dokuwiki\inc\Parsing\Lexer\Lexer.php(146): dokuwiki\Parsing\Lexer\Lexer->dispatchTokens()
  #5 E:\Diversos\HTA\ISCTEM\2ndYear\Programação_Web\Trabalhos\Uniwiki\DokuWikiStick\dokuwiki\inc\Parsing\Parser.php(113): dokuwiki\Parsing\Lexer\Lexer->parse()
  #6 E:\Diversos\HTA\ISCTEM\2ndYear\Programação_Web\Trabalhos\Uniwiki\DokuWikiStick\dokuwiki\inc\parserutils.php(234): dokuwiki\Parsing\Parser->parse()
  #7 E:\Diversos\HTA\ISCTEM\2ndYear\Programação_Web\Trabalhos\Uniwiki\DokuWikiStick\dokuwiki\inc\parserutils.php(198): p_get_instructions()
  #8 E:\Diversos\HTA\ISCTEM\2ndYear\Programação_Web\Trabalhos\Uniwiki\DokuWikiStick\dokuwiki\inc\parserutils.php(520): p_cached_instructions()
  #9 E:\Diversos\HTA\ISCTEM\2ndYear\Programação_Web\Trabalhos\Uniwiki\DokuWikiStick\dokuwiki\inc\parserutils.php(299): p_render_metadata()
  #10 E:\Diversos\HTA\ISCTEM\2ndYear\Programação_Web\Trabalhos\Uniwiki\DokuWikiStick\dokuwiki\inc\indexer.php(154): p_get_metadata()
  #11 E:\Diversos\HTA\ISCTEM\2ndYear\Programação_Web\Trabalhos\Uniwiki\DokuWikiStick\dokuwiki\inc\TaskRunner.php(206): idx_addPage()
  #12 E:\Diversos\HTA\ISCTEM\2ndYear\Programação_Web\Trabalhos\Uniwiki\DokuWikiStick\dokuwiki\inc\TaskRunner.php(52): dokuwiki\TaskRunner->runIndexer()
  #13 E:\Diversos\HTA\ISCTEM\2ndYear\Programação_Web\Trabalhos\Uniwiki\DokuWikiStick\dokuwiki\lib\exe\taskrunner.php(20): dokuwiki\TaskRunner->run()
  #14 {main}
2025-10-28 00:55:16	E:\Diversos\HTA\ISCTEM\2ndYear\Programação_Web\Trabalhos\Uniwiki\DokuWikiStick\dokuwiki\lib\plugins\pdfjs\syntax.php(66)	E_WARNING: Undefined array key 1
  #0 E:\Diversos\HTA\ISCTEM\2ndYear\Programação_Web\Trabalhos\Uniwiki\DokuWikiStick\dokuwiki\lib\plugins\pdfjs\syntax.php(66): dokuwiki\ErrorHandler::errorHandler()
  #1 E:\Diversos\HTA\ISCTEM\2ndYear\Programação_Web\Trabalhos\Uniwiki\DokuWikiStick\dokuwiki\inc\parser\handler.php(298): syntax_plugin_pdfjs->handle()
  #2 E:\Diversos\HTA\ISCTEM\2ndYear\Programação_Web\Trabalhos\Uniwiki\DokuWikiStick\dokuwiki\inc\Parsing\Lexer\Lexer.php(269): Doku_Handler->plugin()
  #3 E:\Diversos\HTA\ISCTEM\2ndYear\Programação_Web\Trabalhos\Uniwiki\DokuWikiStick\dokuwiki\inc\Parsing\Lexer\Lexer.php(196): dokuwiki\Parsing\Lexer\Lexer->invokeHandler()
  #4 E:\Diversos\HTA\ISCTEM\2ndYear\Programação_Web\Trabalhos\Uniwiki\DokuWikiStick\dokuwiki\inc\Parsing\Lexer\Lexer.php(146): dokuwiki\Parsing\Lexer\Lexer->dispatchTokens()
  #5 E:\Diversos\HTA\ISCTEM\2ndYear\Programação_Web\Trabalhos\Uniwiki\DokuWikiStick\dokuwiki\inc\Parsing\Parser.php(113): dokuwiki\Parsing\Lexer\Lexer->parse()
  #6 E:\Diversos\HTA\ISCTEM\2ndYear\Programação_Web\Trabalhos\Uniwiki\DokuWikiStick\dokuwiki\inc\parserutils.php(234): dokuwiki\Parsing\Parser->parse()
  #7 E:\Diversos\HTA\ISCTEM\2ndYear\Programação_Web\Trabalhos\Uniwiki\DokuWikiStick\dokuwiki\inc\parserutils.php(198): p_get_instructions()
  #8 E:\Diversos\HTA\ISCTEM\2ndYear\Programação_Web\Trabalhos\Uniwiki\DokuWikiStick\dokuwiki\inc\parserutils.php(520): p_cached_instructions()
  #9 E:\Diversos\HTA\ISCTEM\2ndYear\Programação_Web\Trabalhos\Uniwiki\DokuWikiStick\dokuwiki\inc\parserutils.php(299): p_render_metadata()
  #10 E:\Diversos\HTA\ISCTEM\2ndYear\Programação_Web\Trabalhos\Uniwiki\DokuWikiStick\dokuwiki\inc\indexer.php(154): p_get_metadata()
  #11 E:\Diversos\HTA\ISCTEM\2ndYear\Programação_Web\Trabalhos\Uniwiki\DokuWikiStick\dokuwiki\inc\TaskRunner.php(206): idx_addPage()
  #12 E:\Diversos\HTA\ISCTEM\2ndYear\Programação_Web\Trabalhos\Uniwiki\DokuWikiStick\dokuwiki\inc\TaskRunner.php(52): dokuwiki\TaskRunner->runIndexer()
  #13 E:\Diversos\HTA\ISCTEM\2ndYear\Programação_Web\Trabalhos\Uniwiki\DokuWikiStick\dokuwiki\lib\exe\taskrunner.php(20): dokuwiki\TaskRunner->run()
  #14 {main}
2025-10-28 00:55:26	E:\Diversos\HTA\ISCTEM\2ndYear\Programação_Web\Trabalhos\Uniwiki\DokuWikiStick\dokuwiki\lib\plugins\pdfjs\syntax.php(64)	E_WARNING: Undefined array key 1
  #0 E:\Diversos\HTA\ISCTEM\2ndYear\Programação_Web\Trabalhos\Uniwiki\DokuWikiStick\dokuwiki\lib\plugins\pdfjs\syntax.php(64): dokuwiki\ErrorHandler::errorHandler()
  #1 E:\Diversos\HTA\ISCTEM\2ndYear\Programação_Web\Trabalhos\Uniwiki\DokuWikiStick\dokuwiki\inc\parser\handler.php(298): syntax_plugin_pdfjs->handle()
  #2 E:\Diversos\HTA\ISCTEM\2ndYear\Programação_Web\Trabalhos\Uniwiki\DokuWikiStick\dokuwiki\inc\Parsing\Lexer\Lexer.php(269): Doku_Handler->plugin()
  #3 E:\Diversos\HTA\ISCTEM\2ndYear\Programação_Web\Trabalhos\Uniwiki\DokuWikiStick\dokuwiki\inc\Parsing\Lexer\Lexer.php(196): dokuwiki\Parsing\Lexer\Lexer->invokeHandler()
  #4 E:\Diversos\HTA\ISCTEM\2ndYear\Programação_Web\Trabalhos\Uniwiki\DokuWikiStick\dokuwiki\inc\Parsing\Lexer\Lexer.php(146): dokuwiki\Parsing\Lexer\Lexer->dispatchTokens()
  #5 E:\Diversos\HTA\ISCTEM\2ndYear\Programação_Web\Trabalhos\Uniwiki\DokuWikiStick\dokuwiki\inc\Parsing\Parser.php(113): dokuwiki\Parsing\Lexer\Lexer->parse()
  #6 E:\Diversos\HTA\ISCTEM\2ndYear\Programação_Web\Trabalhos\Uniwiki\DokuWikiStick\dokuwiki\inc\parserutils.php(234): dokuwiki\Parsing\Parser->parse()
  #7 E:\Diversos\HTA\ISCTEM\2ndYear\Programação_Web\Trabalhos\Uniwiki\DokuWikiStick\dokuwiki\inc\parserutils.php(198): p_get_instructions()
  #8 E:\Diversos\HTA\ISCTEM\2ndYear\Programação_Web\Trabalhos\Uniwiki\DokuWikiStick\dokuwiki\inc\parserutils.php(520): p_cached_instructions()
  #9 E:\Diversos\HTA\ISCTEM\2ndYear\Programação_Web\Trabalhos\Uniwiki\DokuWikiStick\dokuwiki\inc\parserutils.php(299): p_render_metadata()
  #10 E:\Diversos\HTA\ISCTEM\2ndYear\Programação_Web\Trabalhos\Uniwiki\DokuWikiStick\dokuwiki\inc\common.php(265): p_get_metadata()
  #11 E:\Diversos\HTA\ISCTEM\2ndYear\Programação_Web\Trabalhos\Uniwiki\DokuWikiStick\dokuwiki\doku.php(101): pageinfo()
  #12 {main}
2025-10-28 00:55:26	E:\Diversos\HTA\ISCTEM\2ndYear\Programação_Web\Trabalhos\Uniwiki\DokuWikiStick\dokuwiki\lib\plugins\pdfjs\syntax.php(66)	E_WARNING: Undefined array key 1
  #0 E:\Diversos\HTA\ISCTEM\2ndYear\Programação_Web\Trabalhos\Uniwiki\DokuWikiStick\dokuwiki\lib\plugins\pdfjs\syntax.php(66): dokuwiki\ErrorHandler::errorHandler()
  #1 E:\Diversos\HTA\ISCTEM\2ndYear\Programação_Web\Trabalhos\Uniwiki\DokuWikiStick\dokuwiki\inc\parser\handler.php(298): syntax_plugin_pdfjs->handle()
  #2 E:\Diversos\HTA\ISCTEM\2ndYear\Programação_Web\Trabalhos\Uniwiki\DokuWikiStick\dokuwiki\inc\Parsing\Lexer\Lexer.php(269): Doku_Handler->plugin()
  #3 E:\Diversos\HTA\ISCTEM\2ndYear\Programação_Web\Trabalhos\Uniwiki\DokuWikiStick\dokuwiki\inc\Parsing\Lexer\Lexer.php(196): dokuwiki\Parsing\Lexer\Lexer->invokeHandler()
  #4 E:\Diversos\HTA\ISCTEM\2ndYear\Programação_Web\Trabalhos\Uniwiki\DokuWikiStick\dokuwiki\inc\Parsing\Lexer\Lexer.php(146): dokuwiki\Parsing\Lexer\Lexer->dispatchTokens()
  #5 E:\Diversos\HTA\ISCTEM\2ndYear\Programação_Web\Trabalhos\Uniwiki\DokuWikiStick\dokuwiki\inc\Parsing\Parser.php(113): dokuwiki\Parsing\Lexer\Lexer->parse()
  #6 E:\Diversos\HTA\ISCTEM\2ndYear\Programação_Web\Trabalhos\Uniwiki\DokuWikiStick\dokuwiki\inc\parserutils.php(234): dokuwiki\Parsing\Parser->parse()
  #7 E:\Diversos\HTA\ISCTEM\2ndYear\Programação_Web\Trabalhos\Uniwiki\DokuWikiStick\dokuwiki\inc\parserutils.php(198): p_get_instructions()
  #8 E:\Diversos\HTA\ISCTEM\2ndYear\Programação_Web\Trabalhos\Uniwiki\DokuWikiStick\dokuwiki\inc\parserutils.php(520): p_cached_instructions()
  #9 E:\Diversos\HTA\ISCTEM\2ndYear\Programação_Web\Trabalhos\Uniwiki\DokuWikiStick\dokuwiki\inc\parserutils.php(299): p_render_metadata()
  #10 E:\Diversos\HTA\ISCTEM\2ndYear\Programação_Web\Trabalhos\Uniwiki\DokuWikiStick\dokuwiki\inc\common.php(265): p_get_metadata()
  #11 E:\Diversos\HTA\ISCTEM\2ndYear\Programação_Web\Trabalhos\Uniwiki\DokuWikiStick\dokuwiki\doku.php(101): pageinfo()
  #12 {main}
2025-10-28 00:55:58	E:\Diversos\HTA\ISCTEM\2ndYear\Programação_Web\Trabalhos\Uniwiki\DokuWikiStick\dokuwiki\lib\plugins\pdfjs\syntax.php(64)	E_WARNING: Undefined array key 1
  #0 E:\Diversos\HTA\ISCTEM\2ndYear\Programação_Web\Trabalhos\Uniwiki\DokuWikiStick\dokuwiki\lib\plugins\pdfjs\syntax.php(64): dokuwiki\ErrorHandler::errorHandler()
  #1 E:\Diversos\HTA\ISCTEM\2ndYear\Programação_Web\Trabalhos\Uniwiki\DokuWikiStick\dokuwiki\inc\parser\handler.php(298): syntax_plugin_pdfjs->handle()
  #2 E:\Diversos\HTA\ISCTEM\2ndYear\Programação_Web\Trabalhos\Uniwiki\DokuWikiStick\dokuwiki\inc\Parsing\Lexer\Lexer.php(269): Doku_Handler->plugin()
  #3 E:\Diversos\HTA\ISCTEM\2ndYear\Programação_Web\Trabalhos\Uniwiki\DokuWikiStick\dokuwiki\inc\Parsing\Lexer\Lexer.php(196): dokuwiki\Parsing\Lexer\Lexer->invokeHandler()
  #4 E:\Diversos\HTA\ISCTEM\2ndYear\Programação_Web\Trabalhos\Uniwiki\DokuWikiStick\dokuwiki\inc\Parsing\Lexer\Lexer.php(146): dokuwiki\Parsing\Lexer\Lexer->dispatchTokens()
  #5 E:\Diversos\HTA\ISCTEM\2ndYear\Programação_Web\Trabalhos\Uniwiki\DokuWikiStick\dokuwiki\inc\Parsing\Parser.php(113): dokuwiki\Parsing\Lexer\Lexer->parse()
  #6 E:\Diversos\HTA\ISCTEM\2ndYear\Programação_Web\Trabalhos\Uniwiki\DokuWikiStick\dokuwiki\inc\parserutils.php(234): dokuwiki\Parsing\Parser->parse()
  #7 E:\Diversos\HTA\ISCTEM\2ndYear\Programação_Web\Trabalhos\Uniwiki\DokuWikiStick\dokuwiki\inc\parserutils.php(198): p_get_instructions()
  #8 E:\Diversos\HTA\ISCTEM\2ndYear\Programação_Web\Trabalhos\Uniwiki\DokuWikiStick\dokuwiki\inc\parserutils.php(520): p_cached_instructions()
  #9 E:\Diversos\HTA\ISCTEM\2ndYear\Programação_Web\Trabalhos\Uniwiki\DokuWikiStick\dokuwiki\inc\parserutils.php(299): p_render_metadata()
  #10 E:\Diversos\HTA\ISCTEM\2ndYear\Programação_Web\Trabalhos\Uniwiki\DokuWikiStick\dokuwiki\inc\common.php(265): p_get_metadata()
  #11 E:\Diversos\HTA\ISCTEM\2ndYear\Programação_Web\Trabalhos\Uniwiki\DokuWikiStick\dokuwiki\inc\Ajax.php(138): pageinfo()
  #12 E:\Diversos\HTA\ISCTEM\2ndYear\Programação_Web\Trabalhos\Uniwiki\DokuWikiStick\dokuwiki\inc\Ajax.php(28): dokuwiki\Ajax->callLock()
  #13 E:\Diversos\HTA\ISCTEM\2ndYear\Programação_Web\Trabalhos\Uniwiki\DokuWikiStick\dokuwiki\lib\exe\ajax.php(26): dokuwiki\Ajax->__construct()
  #14 {main}
2025-10-28 00:55:58	E:\Diversos\HTA\ISCTEM\2ndYear\Programação_Web\Trabalhos\Uniwiki\DokuWikiStick\dokuwiki\lib\plugins\pdfjs\syntax.php(66)	E_WARNING: Undefined array key 1
  #0 E:\Diversos\HTA\ISCTEM\2ndYear\Programação_Web\Trabalhos\Uniwiki\DokuWikiStick\dokuwiki\lib\plugins\pdfjs\syntax.php(66): dokuwiki\ErrorHandler::errorHandler()
  #1 E:\Diversos\HTA\ISCTEM\2ndYear\Programação_Web\Trabalhos\Uniwiki\DokuWikiStick\dokuwiki\inc\parser\handler.php(298): syntax_plugin_pdfjs->handle()
  #2 E:\Diversos\HTA\ISCTEM\2ndYear\Programação_Web\Trabalhos\Uniwiki\DokuWikiStick\dokuwiki\inc\Parsing\Lexer\Lexer.php(269): Doku_Handler->plugin()
  #3 E:\Diversos\HTA\ISCTEM\2ndYear\Programação_Web\Trabalhos\Uniwiki\DokuWikiStick\dokuwiki\inc\Parsing\Lexer\Lexer.php(196): dokuwiki\Parsing\Lexer\Lexer->invokeHandler()
  #4 E:\Diversos\HTA\ISCTEM\2ndYear\Programação_Web\Trabalhos\Uniwiki\DokuWikiStick\dokuwiki\inc\Parsing\Lexer\Lexer.php(146): dokuwiki\Parsing\Lexer\Lexer->dispatchTokens()
  #5 E:\Diversos\HTA\ISCTEM\2ndYear\Programação_Web\Trabalhos\Uniwiki\DokuWikiStick\dokuwiki\inc\Parsing\Parser.php(113): dokuwiki\Parsing\Lexer\Lexer->parse()
  #6 E:\Diversos\HTA\ISCTEM\2ndYear\Programação_Web\Trabalhos\Uniwiki\DokuWikiStick\dokuwiki\inc\parserutils.php(234): dokuwiki\Parsing\Parser->parse()
  #7 E:\Diversos\HTA\ISCTEM\2ndYear\Programação_Web\Trabalhos\Uniwiki\DokuWikiStick\dokuwiki\inc\parserutils.php(198): p_get_instructions()
  #8 E:\Diversos\HTA\ISCTEM\2ndYear\Programação_Web\Trabalhos\Uniwiki\DokuWikiStick\dokuwiki\inc\parserutils.php(520): p_cached_instructions()
  #9 E:\Diversos\HTA\ISCTEM\2ndYear\Programação_Web\Trabalhos\Uniwiki\DokuWikiStick\dokuwiki\inc\parserutils.php(299): p_render_metadata()
  #10 E:\Diversos\HTA\ISCTEM\2ndYear\Programação_Web\Trabalhos\Uniwiki\DokuWikiStick\dokuwiki\inc\common.php(265): p_get_metadata()
  #11 E:\Diversos\HTA\ISCTEM\2ndYear\Programação_Web\Trabalhos\Uniwiki\DokuWikiStick\dokuwiki\inc\Ajax.php(138): pageinfo()
  #12 E:\Diversos\HTA\ISCTEM\2ndYear\Programação_Web\Trabalhos\Uniwiki\DokuWikiStick\dokuwiki\inc\Ajax.php(28): dokuwiki\Ajax->callLock()
  #13 E:\Diversos\HTA\ISCTEM\2ndYear\Programação_Web\Trabalhos\Uniwiki\DokuWikiStick\dokuwiki\lib\exe\ajax.php(26): dokuwiki\Ajax->__construct()
  #14 {main}
2025-10-28 00:56:05	E:\Diversos\HTA\ISCTEM\2ndYear\Programação_Web\Trabalhos\Uniwiki\DokuWikiStick\dokuwiki\lib\plugins\pdfjs\syntax.php(64)	E_WARNING: Undefined array key 1
  #0 E:\Diversos\HTA\ISCTEM\2ndYear\Programação_Web\Trabalhos\Uniwiki\DokuWikiStick\dokuwiki\lib\plugins\pdfjs\syntax.php(64): dokuwiki\ErrorHandler::errorHandler()
  #1 E:\Diversos\HTA\ISCTEM\2ndYear\Programação_Web\Trabalhos\Uniwiki\DokuWikiStick\dokuwiki\inc\parser\handler.php(298): syntax_plugin_pdfjs->handle()
  #2 E:\Diversos\HTA\ISCTEM\2ndYear\Programação_Web\Trabalhos\Uniwiki\DokuWikiStick\dokuwiki\inc\Parsing\Lexer\Lexer.php(269): Doku_Handler->plugin()
  #3 E:\Diversos\HTA\ISCTEM\2ndYear\Programação_Web\Trabalhos\Uniwiki\DokuWikiStick\dokuwiki\inc\Parsing\Lexer\Lexer.php(196): dokuwiki\Parsing\Lexer\Lexer->invokeHandler()
  #4 E:\Diversos\HTA\ISCTEM\2ndYear\Programação_Web\Trabalhos\Uniwiki\DokuWikiStick\dokuwiki\inc\Parsing\Lexer\Lexer.php(146): dokuwiki\Parsing\Lexer\Lexer->dispatchTokens()
  #5 E:\Diversos\HTA\ISCTEM\2ndYear\Programação_Web\Trabalhos\Uniwiki\DokuWikiStick\dokuwiki\inc\Parsing\Parser.php(113): dokuwiki\Parsing\Lexer\Lexer->parse()
  #6 E:\Diversos\HTA\ISCTEM\2ndYear\Programação_Web\Trabalhos\Uniwiki\DokuWikiStick\dokuwiki\inc\parserutils.php(234): dokuwiki\Parsing\Parser->parse()
  #7 E:\Diversos\HTA\ISCTEM\2ndYear\Programação_Web\Trabalhos\Uniwiki\DokuWikiStick\dokuwiki\inc\parserutils.php(198): p_get_instructions()
  #8 E:\Diversos\HTA\ISCTEM\2ndYear\Programação_Web\Trabalhos\Uniwiki\DokuWikiStick\dokuwiki\inc\parserutils.php(520): p_cached_instructions()
  #9 E:\Diversos\HTA\ISCTEM\2ndYear\Programação_Web\Trabalhos\Uniwiki\DokuWikiStick\dokuwiki\inc\parserutils.php(299): p_render_metadata()
  #10 E:\Diversos\HTA\ISCTEM\2ndYear\Programação_Web\Trabalhos\Uniwiki\DokuWikiStick\dokuwiki\inc\common.php(265): p_get_metadata()
  #11 E:\Diversos\HTA\ISCTEM\2ndYear\Programação_Web\Trabalhos\Uniwiki\DokuWikiStick\dokuwiki\doku.php(101): pageinfo()
  #12 {main}
2025-10-28 00:56:05	E:\Diversos\HTA\ISCTEM\2ndYear\Programação_Web\Trabalhos\Uniwiki\DokuWikiStick\dokuwiki\lib\plugins\pdfjs\syntax.php(66)	E_WARNING: Undefined array key 1
  #0 E:\Diversos\HTA\ISCTEM\2ndYear\Programação_Web\Trabalhos\Uniwiki\DokuWikiStick\dokuwiki\lib\plugins\pdfjs\syntax.php(66): dokuwiki\ErrorHandler::errorHandler()
  #1 E:\Diversos\HTA\ISCTEM\2ndYear\Programação_Web\Trabalhos\Uniwiki\DokuWikiStick\dokuwiki\inc\parser\handler.php(298): syntax_plugin_pdfjs->handle()
  #2 E:\Diversos\HTA\ISCTEM\2ndYear\Programação_Web\Trabalhos\Uniwiki\DokuWikiStick\dokuwiki\inc\Parsing\Lexer\Lexer.php(269): Doku_Handler->plugin()
  #3 E:\Diversos\HTA\ISCTEM\2ndYear\Programação_Web\Trabalhos\Uniwiki\DokuWikiStick\dokuwiki\inc\Parsing\Lexer\Lexer.php(196): dokuwiki\Parsing\Lexer\Lexer->invokeHandler()
  #4 E:\Diversos\HTA\ISCTEM\2ndYear\Programação_Web\Trabalhos\Uniwiki\DokuWikiStick\dokuwiki\inc\Parsing\Lexer\Lexer.php(146): dokuwiki\Parsing\Lexer\Lexer->dispatchTokens()
  #5 E:\Diversos\HTA\ISCTEM\2ndYear\Programação_Web\Trabalhos\Uniwiki\DokuWikiStick\dokuwiki\inc\Parsing\Parser.php(113): dokuwiki\Parsing\Lexer\Lexer->parse()
  #6 E:\Diversos\HTA\ISCTEM\2ndYear\Programação_Web\Trabalhos\Uniwiki\DokuWikiStick\dokuwiki\inc\parserutils.php(234): dokuwiki\Parsing\Parser->parse()
  #7 E:\Diversos\HTA\ISCTEM\2ndYear\Programação_Web\Trabalhos\Uniwiki\DokuWikiStick\dokuwiki\inc\parserutils.php(198): p_get_instructions()
  #8 E:\Diversos\HTA\ISCTEM\2ndYear\Programação_Web\Trabalhos\Uniwiki\DokuWikiStick\dokuwiki\inc\parserutils.php(520): p_cached_instructions()
  #9 E:\Diversos\HTA\ISCTEM\2ndYear\Programação_Web\Trabalhos\Uniwiki\DokuWikiStick\dokuwiki\inc\parserutils.php(299): p_render_metadata()
  #10 E:\Diversos\HTA\ISCTEM\2ndYear\Programação_Web\Trabalhos\Uniwiki\DokuWikiStick\dokuwiki\inc\common.php(265): p_get_metadata()
  #11 E:\Diversos\HTA\ISCTEM\2ndYear\Programação_Web\Trabalhos\Uniwiki\DokuWikiStick\dokuwiki\doku.php(101): pageinfo()
  #12 {main}
2025-10-28 00:56:06	E:\Diversos\HTA\ISCTEM\2ndYear\Programação_Web\Trabalhos\Uniwiki\DokuWikiStick\dokuwiki\lib\plugins\pdfjs\syntax.php(64)	E_WARNING: Undefined array key 1
  #0 E:\Diversos\HTA\ISCTEM\2ndYear\Programação_Web\Trabalhos\Uniwiki\DokuWikiStick\dokuwiki\lib\plugins\pdfjs\syntax.php(64): dokuwiki\ErrorHandler::errorHandler()
  #1 E:\Diversos\HTA\ISCTEM\2ndYear\Programação_Web\Trabalhos\Uniwiki\DokuWikiStick\dokuwiki\inc\parser\handler.php(298): syntax_plugin_pdfjs->handle()
  #2 E:\Diversos\HTA\ISCTEM\2ndYear\Programação_Web\Trabalhos\Uniwiki\DokuWikiStick\dokuwiki\inc\Parsing\Lexer\Lexer.php(269): Doku_Handler->plugin()
  #3 E:\Diversos\HTA\ISCTEM\2ndYear\Programação_Web\Trabalhos\Uniwiki\DokuWikiStick\dokuwiki\inc\Parsing\Lexer\Lexer.php(196): dokuwiki\Parsing\Lexer\Lexer->invokeHandler()
  #4 E:\Diversos\HTA\ISCTEM\2ndYear\Programação_Web\Trabalhos\Uniwiki\DokuWikiStick\dokuwiki\inc\Parsing\Lexer\Lexer.php(146): dokuwiki\Parsing\Lexer\Lexer->dispatchTokens()
  #5 E:\Diversos\HTA\ISCTEM\2ndYear\Programação_Web\Trabalhos\Uniwiki\DokuWikiStick\dokuwiki\inc\Parsing\Parser.php(113): dokuwiki\Parsing\Lexer\Lexer->parse()
  #6 E:\Diversos\HTA\ISCTEM\2ndYear\Programação_Web\Trabalhos\Uniwiki\DokuWikiStick\dokuwiki\inc\parserutils.php(234): dokuwiki\Parsing\Parser->parse()
  #7 E:\Diversos\HTA\ISCTEM\2ndYear\Programação_Web\Trabalhos\Uniwiki\DokuWikiStick\dokuwiki\inc\parserutils.php(198): p_get_instructions()
  #8 E:\Diversos\HTA\ISCTEM\2ndYear\Programação_Web\Trabalhos\Uniwiki\DokuWikiStick\dokuwiki\inc\parserutils.php(520): p_cached_instructions()
  #9 E:\Diversos\HTA\ISCTEM\2ndYear\Programação_Web\Trabalhos\Uniwiki\DokuWikiStick\dokuwiki\inc\parserutils.php(299): p_render_metadata()
  #10 E:\Diversos\HTA\ISCTEM\2ndYear\Programação_Web\Trabalhos\Uniwiki\DokuWikiStick\dokuwiki\inc\common.php(265): p_get_metadata()
  #11 E:\Diversos\HTA\ISCTEM\2ndYear\Programação_Web\Trabalhos\Uniwiki\DokuWikiStick\dokuwiki\doku.php(101): pageinfo()
  #12 {main}
2025-10-28 00:56:06	E:\Diversos\HTA\ISCTEM\2ndYear\Programação_Web\Trabalhos\Uniwiki\DokuWikiStick\dokuwiki\lib\plugins\pdfjs\syntax.php(66)	E_WARNING: Undefined array key 1
  #0 E:\Diversos\HTA\ISCTEM\2ndYear\Programação_Web\Trabalhos\Uniwiki\DokuWikiStick\dokuwiki\lib\plugins\pdfjs\syntax.php(66): dokuwiki\ErrorHandler::errorHandler()
  #1 E:\Diversos\HTA\ISCTEM\2ndYear\Programação_Web\Trabalhos\Uniwiki\DokuWikiStick\dokuwiki\inc\parser\handler.php(298): syntax_plugin_pdfjs->handle()
  #2 E:\Diversos\HTA\ISCTEM\2ndYear\Programação_Web\Trabalhos\Uniwiki\DokuWikiStick\dokuwiki\inc\Parsing\Lexer\Lexer.php(269): Doku_Handler->plugin()
  #3 E:\Diversos\HTA\ISCTEM\2ndYear\Programação_Web\Trabalhos\Uniwiki\DokuWikiStick\dokuwiki\inc\Parsing\Lexer\Lexer.php(196): dokuwiki\Parsing\Lexer\Lexer->invokeHandler()
  #4 E:\Diversos\HTA\ISCTEM\2ndYear\Programação_Web\Trabalhos\Uniwiki\DokuWikiStick\dokuwiki\inc\Parsing\Lexer\Lexer.php(146): dokuwiki\Parsing\Lexer\Lexer->dispatchTokens()
  #5 E:\Diversos\HTA\ISCTEM\2ndYear\Programação_Web\Trabalhos\Uniwiki\DokuWikiStick\dokuwiki\inc\Parsing\Parser.php(113): dokuwiki\Parsing\Lexer\Lexer->parse()
  #6 E:\Diversos\HTA\ISCTEM\2ndYear\Programação_Web\Trabalhos\Uniwiki\DokuWikiStick\dokuwiki\inc\parserutils.php(234): dokuwiki\Parsing\Parser->parse()
  #7 E:\Diversos\HTA\ISCTEM\2ndYear\Programação_Web\Trabalhos\Uniwiki\DokuWikiStick\dokuwiki\inc\parserutils.php(198): p_get_instructions()
  #8 E:\Diversos\HTA\ISCTEM\2ndYear\Programação_Web\Trabalhos\Uniwiki\DokuWikiStick\dokuwiki\inc\parserutils.php(520): p_cached_instructions()
  #9 E:\Diversos\HTA\ISCTEM\2ndYear\Programação_Web\Trabalhos\Uniwiki\DokuWikiStick\dokuwiki\inc\parserutils.php(299): p_render_metadata()
  #10 E:\Diversos\HTA\ISCTEM\2ndYear\Programação_Web\Trabalhos\Uniwiki\DokuWikiStick\dokuwiki\inc\common.php(265): p_get_metadata()
  #11 E:\Diversos\HTA\ISCTEM\2ndYear\Programação_Web\Trabalhos\Uniwiki\DokuWikiStick\dokuwiki\doku.php(101): pageinfo()
  #12 {main}
2025-10-28 00:56:06	E:\Diversos\HTA\ISCTEM\2ndYear\Programação_Web\Trabalhos\Uniwiki\DokuWikiStick\dokuwiki\lib\plugins\pdfjs\syntax.php(64)	E_WARNING: Undefined array key 1
  #0 E:\Diversos\HTA\ISCTEM\2ndYear\Programação_Web\Trabalhos\Uniwiki\DokuWikiStick\dokuwiki\lib\plugins\pdfjs\syntax.php(64): dokuwiki\ErrorHandler::errorHandler()
  #1 E:\Diversos\HTA\ISCTEM\2ndYear\Programação_Web\Trabalhos\Uniwiki\DokuWikiStick\dokuwiki\inc\parser\handler.php(298): syntax_plugin_pdfjs->handle()
  #2 E:\Diversos\HTA\ISCTEM\2ndYear\Programação_Web\Trabalhos\Uniwiki\DokuWikiStick\dokuwiki\inc\Parsing\Lexer\Lexer.php(269): Doku_Handler->plugin()
  #3 E:\Diversos\HTA\ISCTEM\2ndYear\Programação_Web\Trabalhos\Uniwiki\DokuWikiStick\dokuwiki\inc\Parsing\Lexer\Lexer.php(196): dokuwiki\Parsing\Lexer\Lexer->invokeHandler()
  #4 E:\Diversos\HTA\ISCTEM\2ndYear\Programação_Web\Trabalhos\Uniwiki\DokuWikiStick\dokuwiki\inc\Parsing\Lexer\Lexer.php(146): dokuwiki\Parsing\Lexer\Lexer->dispatchTokens()
  #5 E:\Diversos\HTA\ISCTEM\2ndYear\Programação_Web\Trabalhos\Uniwiki\DokuWikiStick\dokuwiki\inc\Parsing\Parser.php(113): dokuwiki\Parsing\Lexer\Lexer->parse()
  #6 E:\Diversos\HTA\ISCTEM\2ndYear\Programação_Web\Trabalhos\Uniwiki\DokuWikiStick\dokuwiki\inc\parserutils.php(234): dokuwiki\Parsing\Parser->parse()
  #7 E:\Diversos\HTA\ISCTEM\2ndYear\Programação_Web\Trabalhos\Uniwiki\DokuWikiStick\dokuwiki\inc\parserutils.php(198): p_get_instructions()
  #8 E:\Diversos\HTA\ISCTEM\2ndYear\Programação_Web\Trabalhos\Uniwiki\DokuWikiStick\dokuwiki\inc\parserutils.php(520): p_cached_instructions()
  #9 E:\Diversos\HTA\ISCTEM\2ndYear\Programação_Web\Trabalhos\Uniwiki\DokuWikiStick\dokuwiki\inc\parserutils.php(299): p_render_metadata()
  #10 E:\Diversos\HTA\ISCTEM\2ndYear\Programação_Web\Trabalhos\Uniwiki\DokuWikiStick\dokuwiki\inc\indexer.php(154): p_get_metadata()
  #11 E:\Diversos\HTA\ISCTEM\2ndYear\Programação_Web\Trabalhos\Uniwiki\DokuWikiStick\dokuwiki\inc\TaskRunner.php(206): idx_addPage()
  #12 E:\Diversos\HTA\ISCTEM\2ndYear\Programação_Web\Trabalhos\Uniwiki\DokuWikiStick\dokuwiki\inc\TaskRunner.php(52): dokuwiki\TaskRunner->runIndexer()
  #13 E:\Diversos\HTA\ISCTEM\2ndYear\Programação_Web\Trabalhos\Uniwiki\DokuWikiStick\dokuwiki\lib\exe\taskrunner.php(20): dokuwiki\TaskRunner->run()
  #14 {main}
2025-10-28 00:56:06	E:\Diversos\HTA\ISCTEM\2ndYear\Programação_Web\Trabalhos\Uniwiki\DokuWikiStick\dokuwiki\lib\plugins\pdfjs\syntax.php(66)	E_WARNING: Undefined array key 1
  #0 E:\Diversos\HTA\ISCTEM\2ndYear\Programação_Web\Trabalhos\Uniwiki\DokuWikiStick\dokuwiki\lib\plugins\pdfjs\syntax.php(66): dokuwiki\ErrorHandler::errorHandler()
  #1 E:\Diversos\HTA\ISCTEM\2ndYear\Programação_Web\Trabalhos\Uniwiki\DokuWikiStick\dokuwiki\inc\parser\handler.php(298): syntax_plugin_pdfjs->handle()
  #2 E:\Diversos\HTA\ISCTEM\2ndYear\Programação_Web\Trabalhos\Uniwiki\DokuWikiStick\dokuwiki\inc\Parsing\Lexer\Lexer.php(269): Doku_Handler->plugin()
  #3 E:\Diversos\HTA\ISCTEM\2ndYear\Programação_Web\Trabalhos\Uniwiki\DokuWikiStick\dokuwiki\inc\Parsing\Lexer\Lexer.php(196): dokuwiki\Parsing\Lexer\Lexer->invokeHandler()
  #4 E:\Diversos\HTA\ISCTEM\2ndYear\Programação_Web\Trabalhos\Uniwiki\DokuWikiStick\dokuwiki\inc\Parsing\Lexer\Lexer.php(146): dokuwiki\Parsing\Lexer\Lexer->dispatchTokens()
  #5 E:\Diversos\HTA\ISCTEM\2ndYear\Programação_Web\Trabalhos\Uniwiki\DokuWikiStick\dokuwiki\inc\Parsing\Parser.php(113): dokuwiki\Parsing\Lexer\Lexer->parse()
  #6 E:\Diversos\HTA\ISCTEM\2ndYear\Programação_Web\Trabalhos\Uniwiki\DokuWikiStick\dokuwiki\inc\parserutils.php(234): dokuwiki\Parsing\Parser->parse()
  #7 E:\Diversos\HTA\ISCTEM\2ndYear\Programação_Web\Trabalhos\Uniwiki\DokuWikiStick\dokuwiki\inc\parserutils.php(198): p_get_instructions()
  #8 E:\Diversos\HTA\ISCTEM\2ndYear\Programação_Web\Trabalhos\Uniwiki\DokuWikiStick\dokuwiki\inc\parserutils.php(520): p_cached_instructions()
  #9 E:\Diversos\HTA\ISCTEM\2ndYear\Programação_Web\Trabalhos\Uniwiki\DokuWikiStick\dokuwiki\inc\parserutils.php(299): p_render_metadata()
  #10 E:\Diversos\HTA\ISCTEM\2ndYear\Programação_Web\Trabalhos\Uniwiki\DokuWikiStick\dokuwiki\inc\indexer.php(154): p_get_metadata()
  #11 E:\Diversos\HTA\ISCTEM\2ndYear\Programação_Web\Trabalhos\Uniwiki\DokuWikiStick\dokuwiki\inc\TaskRunner.php(206): idx_addPage()
  #12 E:\Diversos\HTA\ISCTEM\2ndYear\Programação_Web\Trabalhos\Uniwiki\DokuWikiStick\dokuwiki\inc\TaskRunner.php(52): dokuwiki\TaskRunner->runIndexer()
  #13 E:\Diversos\HTA\ISCTEM\2ndYear\Programação_Web\Trabalhos\Uniwiki\DokuWikiStick\dokuwiki\lib\exe\taskrunner.php(20): dokuwiki\TaskRunner->run()
  #14 {main}
2025-10-28 00:56:19	E:\Diversos\HTA\ISCTEM\2ndYear\Programação_Web\Trabalhos\Uniwiki\DokuWikiStick\dokuwiki\lib\plugins\pdfjs\syntax.php(64)	E_WARNING: Undefined array key 1
  #0 E:\Diversos\HTA\ISCTEM\2ndYear\Programação_Web\Trabalhos\Uniwiki\DokuWikiStick\dokuwiki\lib\plugins\pdfjs\syntax.php(64): dokuwiki\ErrorHandler::errorHandler()
  #1 E:\Diversos\HTA\ISCTEM\2ndYear\Programação_Web\Trabalhos\Uniwiki\DokuWikiStick\dokuwiki\inc\parser\handler.php(298): syntax_plugin_pdfjs->handle()
  #2 E:\Diversos\HTA\ISCTEM\2ndYear\Programação_Web\Trabalhos\Uniwiki\DokuWikiStick\dokuwiki\inc\Parsing\Lexer\Lexer.php(269): Doku_Handler->plugin()
  #3 E:\Diversos\HTA\ISCTEM\2ndYear\Programação_Web\Trabalhos\Uniwiki\DokuWikiStick\dokuwiki\inc\Parsing\Lexer\Lexer.php(196): dokuwiki\Parsing\Lexer\Lexer->invokeHandler()
  #4 E:\Diversos\HTA\ISCTEM\2ndYear\Programação_Web\Trabalhos\Uniwiki\DokuWikiStick\dokuwiki\inc\Parsing\Lexer\Lexer.php(146): dokuwiki\Parsing\Lexer\Lexer->dispatchTokens()
  #5 E:\Diversos\HTA\ISCTEM\2ndYear\Programação_Web\Trabalhos\Uniwiki\DokuWikiStick\dokuwiki\inc\Parsing\Parser.php(113): dokuwiki\Parsing\Lexer\Lexer->parse()
  #6 E:\Diversos\HTA\ISCTEM\2ndYear\Programação_Web\Trabalhos\Uniwiki\DokuWikiStick\dokuwiki\inc\parserutils.php(234): dokuwiki\Parsing\Parser->parse()
  #7 E:\Diversos\HTA\ISCTEM\2ndYear\Programação_Web\Trabalhos\Uniwiki\DokuWikiStick\dokuwiki\inc\parserutils.php(198): p_get_instructions()
  #8 E:\Diversos\HTA\ISCTEM\2ndYear\Programação_Web\Trabalhos\Uniwiki\DokuWikiStick\dokuwiki\inc\parserutils.php(520): p_cached_instructions()
  #9 E:\Diversos\HTA\ISCTEM\2ndYear\Programação_Web\Trabalhos\Uniwiki\DokuWikiStick\dokuwiki\inc\parserutils.php(299): p_render_metadata()
  #10 E:\Diversos\HTA\ISCTEM\2ndYear\Programação_Web\Trabalhos\Uniwiki\DokuWikiStick\dokuwiki\inc\common.php(265): p_get_metadata()
  #11 E:\Diversos\HTA\ISCTEM\2ndYear\Programação_Web\Trabalhos\Uniwiki\DokuWikiStick\dokuwiki\doku.php(101): pageinfo()
  #12 {main}
2025-10-28 00:56:19	E:\Diversos\HTA\ISCTEM\2ndYear\Programação_Web\Trabalhos\Uniwiki\DokuWikiStick\dokuwiki\lib\plugins\pdfjs\syntax.php(66)	E_WARNING: Undefined array key 1
  #0 E:\Diversos\HTA\ISCTEM\2ndYear\Programação_Web\Trabalhos\Uniwiki\DokuWikiStick\dokuwiki\lib\plugins\pdfjs\syntax.php(66): dokuwiki\ErrorHandler::errorHandler()
  #1 E:\Diversos\HTA\ISCTEM\2ndYear\Programação_Web\Trabalhos\Uniwiki\DokuWikiStick\dokuwiki\inc\parser\handler.php(298): syntax_plugin_pdfjs->handle()
  #2 E:\Diversos\HTA\ISCTEM\2ndYear\Programação_Web\Trabalhos\Uniwiki\DokuWikiStick\dokuwiki\inc\Parsing\Lexer\Lexer.php(269): Doku_Handler->plugin()
  #3 E:\Diversos\HTA\ISCTEM\2ndYear\Programação_Web\Trabalhos\Uniwiki\DokuWikiStick\dokuwiki\inc\Parsing\Lexer\Lexer.php(196): dokuwiki\Parsing\Lexer\Lexer->invokeHandler()
  #4 E:\Diversos\HTA\ISCTEM\2ndYear\Programação_Web\Trabalhos\Uniwiki\DokuWikiStick\dokuwiki\inc\Parsing\Lexer\Lexer.php(146): dokuwiki\Parsing\Lexer\Lexer->dispatchTokens()
  #5 E:\Diversos\HTA\ISCTEM\2ndYear\Programação_Web\Trabalhos\Uniwiki\DokuWikiStick\dokuwiki\inc\Parsing\Parser.php(113): dokuwiki\Parsing\Lexer\Lexer->parse()
  #6 E:\Diversos\HTA\ISCTEM\2ndYear\Programação_Web\Trabalhos\Uniwiki\DokuWikiStick\dokuwiki\inc\parserutils.php(234): dokuwiki\Parsing\Parser->parse()
  #7 E:\Diversos\HTA\ISCTEM\2ndYear\Programação_Web\Trabalhos\Uniwiki\DokuWikiStick\dokuwiki\inc\parserutils.php(198): p_get_instructions()
  #8 E:\Diversos\HTA\ISCTEM\2ndYear\Programação_Web\Trabalhos\Uniwiki\DokuWikiStick\dokuwiki\inc\parserutils.php(520): p_cached_instructions()
  #9 E:\Diversos\HTA\ISCTEM\2ndYear\Programação_Web\Trabalhos\Uniwiki\DokuWikiStick\dokuwiki\inc\parserutils.php(299): p_render_metadata()
  #10 E:\Diversos\HTA\ISCTEM\2ndYear\Programação_Web\Trabalhos\Uniwiki\DokuWikiStick\dokuwiki\inc\common.php(265): p_get_metadata()
  #11 E:\Diversos\HTA\ISCTEM\2ndYear\Programação_Web\Trabalhos\Uniwiki\DokuWikiStick\dokuwiki\doku.php(101): pageinfo()
  #12 {main}
2025-10-28 00:56:26	E:\Diversos\HTA\ISCTEM\2ndYear\Programação_Web\Trabalhos\Uniwiki\DokuWikiStick\dokuwiki\lib\plugins\pdfjs\syntax.php(64)	E_WARNING: Undefined array key 1
  #0 E:\Diversos\HTA\ISCTEM\2ndYear\Programação_Web\Trabalhos\Uniwiki\DokuWikiStick\dokuwiki\lib\plugins\pdfjs\syntax.php(64): dokuwiki\ErrorHandler::errorHandler()
  #1 E:\Diversos\HTA\ISCTEM\2ndYear\Programação_Web\Trabalhos\Uniwiki\DokuWikiStick\dokuwiki\inc\parser\handler.php(298): syntax_plugin_pdfjs->handle()
  #2 E:\Diversos\HTA\ISCTEM\2ndYear\Programação_Web\Trabalhos\Uniwiki\DokuWikiStick\dokuwiki\inc\Parsing\Lexer\Lexer.php(269): Doku_Handler->plugin()
  #3 E:\Diversos\HTA\ISCTEM\2ndYear\Programação_Web\Trabalhos\Uniwiki\DokuWikiStick\dokuwiki\inc\Parsing\Lexer\Lexer.php(196): dokuwiki\Parsing\Lexer\Lexer->invokeHandler()
  #4 E:\Diversos\HTA\ISCTEM\2ndYear\Programação_Web\Trabalhos\Uniwiki\DokuWikiStick\dokuwiki\inc\Parsing\Lexer\Lexer.php(146): dokuwiki\Parsing\Lexer\Lexer->dispatchTokens()
  #5 E:\Diversos\HTA\ISCTEM\2ndYear\Programação_Web\Trabalhos\Uniwiki\DokuWikiStick\dokuwiki\inc\Parsing\Parser.php(113): dokuwiki\Parsing\Lexer\Lexer->parse()
  #6 E:\Diversos\HTA\ISCTEM\2ndYear\Programação_Web\Trabalhos\Uniwiki\DokuWikiStick\dokuwiki\inc\parserutils.php(234): dokuwiki\Parsing\Parser->parse()
  #7 E:\Diversos\HTA\ISCTEM\2ndYear\Programação_Web\Trabalhos\Uniwiki\DokuWikiStick\dokuwiki\inc\parserutils.php(198): p_get_instructions()
  #8 E:\Diversos\HTA\ISCTEM\2ndYear\Programação_Web\Trabalhos\Uniwiki\DokuWikiStick\dokuwiki\inc\parserutils.php(520): p_cached_instructions()
  #9 E:\Diversos\HTA\ISCTEM\2ndYear\Programação_Web\Trabalhos\Uniwiki\DokuWikiStick\dokuwiki\inc\parserutils.php(299): p_render_metadata()
  #10 E:\Diversos\HTA\ISCTEM\2ndYear\Programação_Web\Trabalhos\Uniwiki\DokuWikiStick\dokuwiki\inc\common.php(265): p_get_metadata()
  #11 E:\Diversos\HTA\ISCTEM\2ndYear\Programação_Web\Trabalhos\Uniwiki\DokuWikiStick\dokuwiki\doku.php(101): pageinfo()
  #12 {main}
2025-10-28 00:56:26	E:\Diversos\HTA\ISCTEM\2ndYear\Programação_Web\Trabalhos\Uniwiki\DokuWikiStick\dokuwiki\lib\plugins\pdfjs\syntax.php(66)	E_WARNING: Undefined array key 1
  #0 E:\Diversos\HTA\ISCTEM\2ndYear\Programação_Web\Trabalhos\Uniwiki\DokuWikiStick\dokuwiki\lib\plugins\pdfjs\syntax.php(66): dokuwiki\ErrorHandler::errorHandler()
  #1 E:\Diversos\HTA\ISCTEM\2ndYear\Programação_Web\Trabalhos\Uniwiki\DokuWikiStick\dokuwiki\inc\parser\handler.php(298): syntax_plugin_pdfjs->handle()
  #2 E:\Diversos\HTA\ISCTEM\2ndYear\Programação_Web\Trabalhos\Uniwiki\DokuWikiStick\dokuwiki\inc\Parsing\Lexer\Lexer.php(269): Doku_Handler->plugin()
  #3 E:\Diversos\HTA\ISCTEM\2ndYear\Programação_Web\Trabalhos\Uniwiki\DokuWikiStick\dokuwiki\inc\Parsing\Lexer\Lexer.php(196): dokuwiki\Parsing\Lexer\Lexer->invokeHandler()
  #4 E:\Diversos\HTA\ISCTEM\2ndYear\Programação_Web\Trabalhos\Uniwiki\DokuWikiStick\dokuwiki\inc\Parsing\Lexer\Lexer.php(146): dokuwiki\Parsing\Lexer\Lexer->dispatchTokens()
  #5 E:\Diversos\HTA\ISCTEM\2ndYear\Programação_Web\Trabalhos\Uniwiki\DokuWikiStick\dokuwiki\inc\Parsing\Parser.php(113): dokuwiki\Parsing\Lexer\Lexer->parse()
  #6 E:\Diversos\HTA\ISCTEM\2ndYear\Programação_Web\Trabalhos\Uniwiki\DokuWikiStick\dokuwiki\inc\parserutils.php(234): dokuwiki\Parsing\Parser->parse()
  #7 E:\Diversos\HTA\ISCTEM\2ndYear\Programação_Web\Trabalhos\Uniwiki\DokuWikiStick\dokuwiki\inc\parserutils.php(198): p_get_instructions()
  #8 E:\Diversos\HTA\ISCTEM\2ndYear\Programação_Web\Trabalhos\Uniwiki\DokuWikiStick\dokuwiki\inc\parserutils.php(520): p_cached_instructions()
  #9 E:\Diversos\HTA\ISCTEM\2ndYear\Programação_Web\Trabalhos\Uniwiki\DokuWikiStick\dokuwiki\inc\parserutils.php(299): p_render_metadata()
  #10 E:\Diversos\HTA\ISCTEM\2ndYear\Programação_Web\Trabalhos\Uniwiki\DokuWikiStick\dokuwiki\inc\common.php(265): p_get_metadata()
  #11 E:\Diversos\HTA\ISCTEM\2ndYear\Programação_Web\Trabalhos\Uniwiki\DokuWikiStick\dokuwiki\doku.php(101): pageinfo()
  #12 {main}
